<?xml version="1.0" encoding="UTF-8"?>
<testng-results ignored="0" total="3" passed="3" failed="0" skipped="0">
  <reporter-output>
  </reporter-output>
  <suite started-at="2025-11-01T12:40:22 EDT" name="Banking Automation Suite" finished-at="2025-11-01T12:40:30 EDT" duration-ms="8849">
    <groups>
    </groups>
    <test started-at="2025-11-01T12:40:22 EDT" name="Login Tests" finished-at="2025-11-01T12:40:30 EDT" duration-ms="8849">
      <class name="tests.LoginTest">
        <test-method is-config="true" signature="setUp()[pri:0, instance:tests.LoginTest@6f96c77]" started-at="2025-11-01T12:40:22 EDT" name="setUp" finished-at="2025-11-01T12:40:24 EDT" duration-ms="2535" status="PASS">
          <reporter-output>
          </reporter-output>
        </test-method> <!-- setUp -->
        <test-method signature="testValidLogin()[pri:1, instance:tests.LoginTest@6f96c77]" started-at="2025-11-01T12:40:24 EDT" name="testValidLogin" description="Verify successful login with valid credentials" finished-at="2025-11-01T12:40:25 EDT" duration-ms="901" status="PASS">
          <reporter-output>
          </reporter-output>
        </test-method> <!-- testValidLogin -->
        <test-method is-config="true" signature="tearDown()[pri:0, instance:tests.LoginTest@6f96c77]" started-at="2025-11-01T12:40:25 EDT" name="tearDown" finished-at="2025-11-01T12:40:25 EDT" duration-ms="106" status="PASS">
          <reporter-output>
          </reporter-output>
        </test-method> <!-- tearDown -->
        <test-method is-config="true" signature="setUp()[pri:0, instance:tests.LoginTest@6f96c77]" started-at="2025-11-01T12:40:25 EDT" name="setUp" finished-at="2025-11-01T12:40:27 EDT" duration-ms="1864" status="PASS">
          <reporter-output>
          </reporter-output>
        </test-method> <!-- setUp -->
        <test-method signature="testInvalidLogin()[pri:2, instance:tests.LoginTest@6f96c77]" started-at="2025-11-01T12:40:27 EDT" name="testInvalidLogin" description="Verify login fails with invalid credentials" finished-at="2025-11-01T12:40:28 EDT" duration-ms="1012" status="PASS">
          <reporter-output>
          </reporter-output>
        </test-method> <!-- testInvalidLogin -->
        <test-method is-config="true" signature="tearDown()[pri:0, instance:tests.LoginTest@6f96c77]" started-at="2025-11-01T12:40:28 EDT" name="tearDown" finished-at="2025-11-01T12:40:28 EDT" duration-ms="159" status="PASS">
          <reporter-output>
          </reporter-output>
        </test-method> <!-- tearDown -->
        <test-method is-config="true" signature="setUp()[pri:0, instance:tests.LoginTest@6f96c77]" started-at="2025-11-01T12:40:28 EDT" name="setUp" finished-at="2025-11-01T12:40:30 EDT" duration-ms="1867" status="PASS">
          <reporter-output>
          </reporter-output>
        </test-method> <!-- setUp -->
        <test-method signature="testEmptyCredentials()[pri:3, instance:tests.LoginTest@6f96c77]" started-at="2025-11-01T12:40:30 EDT" name="testEmptyCredentials" description="Verify login with empty credentials" finished-at="2025-11-01T12:40:30 EDT" duration-ms="287" status="PASS">
          <reporter-output>
          </reporter-output>
        </test-method> <!-- testEmptyCredentials -->
        <test-method is-config="true" signature="tearDown()[pri:0, instance:tests.LoginTest@6f96c77]" started-at="2025-11-01T12:40:30 EDT" name="tearDown" finished-at="2025-11-01T12:40:30 EDT" duration-ms="87" status="PASS">
          <reporter-output>
          </reporter-output>
        </test-method> <!-- tearDown -->
      </class> <!-- tests.LoginTest -->
    </test> <!-- Login Tests -->
  </suite> <!-- Banking Automation Suite -->
</testng-results>
