<?xml version="1.0" encoding="UTF-8"?>
<!-- Generated by org.testng.reporters.JUnitReportReporter -->
<testsuite hostname="JodieGame" failures="0" tests="3" name="tests.LoginTest" time="8.818" errors="0" timestamp="2025-11-01T12:40:31 EDT" skipped="0">
  <testcase classname="tests.LoginTest" name="testValidLogin" time="2.927"/>
  <testcase classname="tests.LoginTest" name="testInvalidLogin" time="2.982"/>
  <testcase classname="tests.LoginTest" name="testEmptyCredentials" time="2.909"/>
</testsuite> <!-- tests.LoginTest -->
