<?xml version="1.0" encoding="UTF-8"?>
<!-- Generated by org.testng.reporters.JUnitXMLReporter -->
<testsuite ignored="0" hostname="JodieGame" failures="0" tests="3" name="Login Tests" time="8.849" errors="0" timestamp="2025-11-01T12:40:30 EDT">
  <testcase classname="tests.LoginTest" name="testValidLogin" time="0.901"/>
  <testcase classname="tests.LoginTest" name="testInvalidLogin" time="1.012"/>
  <testcase classname="tests.LoginTest" name="testEmptyCredentials" time="0.287"/>
</testsuite> <!-- Login Tests -->
